<?xml version="1.0" encoding="UTF-8"?>
<!-- Generated by org.testng.reporters.JUnitReportReporter -->
<testsuite hostname="Thobrch" failures="0" tests="1" name="ankit.test.TC01_invalid_login2" time="16.687" errors="0" timestamp="18 Dec 2020 23:23:07 GMT">
  <testcase classname="ankit.test.TC01_invalid_login2" name="TC02_InvalidLogin_Test" time="16.687"/>
</testsuite> <!-- ankit.test.TC01_invalid_login2 -->
